mastodon-polly:Skipped :  209番道路

mastodon-polly:Skipped :  @nu_clear_0  おやすみなさい
mastodon-polly:Skipped :  504やめんか
mastodon-polly:Skipped :  え、ファイターじゃ語呂悪いやんか
mastodon-polly:Skipped :  感情女史の雰囲気好き
mastodon-polly:Skipped :  最終更新が数週間前の人も増えてきた
mastodon-polly:Skipped :  温泉のなかでおしっこダメ
mastodon-polly:Skipped :  誰ひとりとして連絡して来ないしその程度の繋がりだったんだなぁ
mastodon-polly:Skipped :  アイスの実つかっぱ味の製造方法でございます。
mastodon-polly:Skipped :  ナオ ナカムラ: 釣崎清隆＋笹山直規展覧会「Onces de la Noche」 - 
mastodon-polly:Skipped :  ニューキンポグループ
mastodon-polly:Skipped :  エロマンガ先生の処女を奪った金太郎飴を先生の目の前でバキュームフェラしたい
mastodon-polly:Skipped :  むずかしいですなぁ
mastodon-polly:Skipped :  ガルマちゃんかわE
mastodon-polly:Skipped :  電卓サイズってすごいな…
mastodon-polly:Skipped :  おっ童顔バツイチらすてぃだ
mastodon-polly:Skipped :  ええええー。というわけで、じゃーなって電話切らないの？
mastodon-polly:Skipped :  【ニコ生放送中】 ゆったりのんびりマビノギ 
mastodon-polly:Skipped :  うーん、おっぱい！！
mastodon-polly:Skipped :  エルダーフラワーのあれまた飲みたい
mastodon-polly:Skipped :  コンテンツ的に2期は難しいだろうね
mastodon-polly:Skipped :  みかみーん
mastodon-polly:Skipped :  しーたはかわいいよ
mastodon-polly:Skipped :  クロネコさんからもメール届いた。いつも通り営業所受取りに変更しといた。ドライバーさんの負担軽減になると嬉しいな。
mastodon-polly:Skipped :  復旧！！🤣
mastodon-polly:Skipped :  物欲の鬼と親戚中から呼ばれた父の異名を継いでやるぜ！
mastodon-polly:Skipped :  ポケモンインスタンスだと？
mastodon-polly:Skipped :  ここまでのヒントで俺が何味のアイスの実を食ってるか当てれる？
mastodon-polly:Skipped :  
mastodon-polly:Skipped :  あ、ウガチャカ
mastodon-polly:Skipped :  外から爆発音
mastodon-polly:Skipped :  この日がくるのが恐かったんだ。マストドンに「おちんちん。」と呟くだけでは誰もふぁぼってくれない日が。
mastodon-polly:Skipped :  PC起動
mastodon-polly:Skipped :  膣ﾌｧ
mastodon-polly:Skipped :  5/26 / 
mastodon-polly:Skipped :  あーもうタバコ吸いたくて仕方がない
mastodon-polly:Skipped :  昔はソースが雑誌しかない上に、語る場所もなかったからねえ…
mastodon-polly:Skipped :  あと、女の人はそうでもないけど初対面の男性と仲良くなるのにクソ時間かかるタイプなんだとも思った
mastodon-polly:Skipped :  だれかキャスやって
mastodon-polly:Skipped :  おしっこ味！！
mastodon-polly:Skipped :  カップ麺食え
mastodon-polly:Skipped :  みかみみかみみかみみかんみかみみかみ
mastodon-polly:Skipped :  かってにしろっくまんって50ぐらいのおっさんだよな多分
mastodon-polly:Skipped :  Vaginal Insanity
mastodon-polly:Skipped :  0時すぎたら深夜モードに移行しそう
mastodon-polly:Skipped :  マストドン始めてみましたドン！ 面白い人ばかりで尊兄します！ キャッシュカードと暗礁番号下さい！
mastodon-polly:Skipped :  逆剥けってなんかエロくない？？
mastodon-polly:Skipped :  うむうむ。
mastodon-polly:Skipped :  巨乳天使ミコピョン！　　　検索
mastodon-polly:Skipped :  あ～いい風呂だった♨
mastodon-polly:Skipped :  めっちゃボコられた
mastodon-polly:Skipped :  本当のことを言うこと、あえて言わないこと、その境界がズレるから腹立つし楽しい。
mastodon-polly:Skipped :  関内デビル！デビル！ヘイ！あ！
mastodon-polly:Skipped :  TOEIC は初回受験が840点で、2回めが900点だったけど、前の会社で外人が来たときに全く喋れず、自腹でベルリッツを開始した
mastodon-polly:Skipped :  しーたのケツマン食いて
mastodon-polly:Skipped :  日本が銃社会だったら拳銃自殺してるわ
mastodon-polly:Skipped :  ド長にふられた(爆笑
mastodon-polly:Skipped :  マストドンの夜がやってくる
mastodon-polly:Skipped :  これぼくはもう絶対買うから
mastodon-polly:Skipped :  超昂シリーズ新作だーわーい
mastodon-polly:Skipped :  燃料費が、参考で約50万円だそうで。　　　　関空から羽田まで戦闘機で行くとどうなるか(Spot view of F/A-18 Hornet)　
mastodon-polly:Skipped :  滑舌悪いから絶対言われへん
mastodon-polly:Skipped :  つかっぱ味
mastodon-polly:Skipped :  やずやくんのキャスみたいな♡
mastodon-polly:Skipped :  【リセマラ】今一番優秀な壁を教えてください！ちなみに非課金者です(･_･ゞ

mastodon-polly:Skipped :  全部知ってるけどあえて言わないのさ
mastodon-polly:Skipped :  この時間吠えてる方々は職のないみなさんなんですか？
mastodon-polly:Skipped :  久々にログインしたらTLが大分落ち着いていて(・∀・)ｲｲ!!
mastodon-polly:Skipped :  レーサー100
mastodon-polly:Skipped :  魔剤のんでおしごと
mastodon-polly:Skipped :  メイド長、結婚しよ💛
mastodon-polly:Skipped :  位置について...尿意...ドン!
mastodon-polly:Skipped :  うんこ味
mastodon-polly:Skipped :  
mastodon-polly:Skipped :  滑舌悪いから絶対言われへん
mastodon-polly:Skipped :  
mastodon-polly:Skipped :  軽自動車に軽油って、とりあえず軽油入れて後悔するのは己自身だからいいんだけどさ、ここまでしらなすぎるのも正直どうかとおもうがな
mastodon-polly:Skipped :  マストドンに読み上げ機能なんてあったっけ？
mastodon-polly:Skipped :  X68000とMZ-80Bは私の永遠のあこがれなのです
mastodon-polly:Skipped :  RT @lantis_staff: 【らき☆すた】アニメ10周年記念のベストアルバムが発売決定！8/2発売、6500円、4枚組大ボリューム！ジャケットは京都アニメーションによる新規描きおろし！ブックレットには大ボリュームの畑 亜貴、神前 暁、斎藤 滋の鼎談掲載！

mastodon-polly:Skipped :  最近ふぁすてると時間合わない
mastodon-polly:Skipped :  Σ(ﾟДﾟ)
mastodon-polly:Skipped :  限定ユッキに引き続き……ぐぬぬ……
mastodon-polly:Skipped :  手をつなぎたい
mastodon-polly:Skipped :  まじか
mastodon-polly:Skipped :  らき☆すたってていうかこなかがのお陰様で今ではすっかり百合厨です
mastodon-polly:Skipped :  RT @futagokamikita: 着色シリーズ…「魔法つかいプリキュア!」単行本第2巻埋めカットより❤️ 
mastodon-polly:Skipped :  Palmプレゼント企画が盛り上がったGWですが、実はその10倍以上読まれましたアイコスTips。当初、ボツ候補だったのですが根気よく推してくれたナックルさんに心より感謝│‪IQOSの持病「充電されない問題」をオシャレに解決する方法 
mastodon-polly:Skipped :  膣
mastodon-polly:Skipped :  ふたご神フォローしてなかったからフォローした
mastodon-polly:Skipped :  スマホ熱い
mastodon-polly:Skipped :  滑舌悪いから滑舌と言うことがまず困難
mastodon-polly:Skipped :  ガリガリくんのつかっぱ味まだですかねぇ…？
